[27Apr2025 00:00:31.748] [Server thread/INFO] [net.minecraft.world.entity.npc.Villager/]: Villager Villager['Fletcher'/115739, l='ServerLevel[world]', x=59.50, y=122.00, z=-634.70] died, message: 'Fletcher was slain by Zombie'
[27Apr2025 00:02:33.798] [Server thread/INFO] [net.minecraft.server.MinecraftServer/]: Younguer has made the advancement [Chompy]
[27Apr2025 00:03:06.201] [Server thread/INFO] [net.minecraft.server.MinecraftServer/]: Santix15 has reached the goal [When the Stew is Sus]
[27Apr2025 00:05:49.647] [Server thread/INFO] [net.minecraft.server.MinecraftServer/]: Younguer has reached the goal [An Unexpected Result]
[27Apr2025 00:12:20.706] [Server thread/INFO] [net.minecraft.server.MinecraftServer/]: Santix15 has made the advancement [Hard Work and Dedication]
[27Apr2025 00:14:17.559] [Server thread/INFO] [net.minecraft.world.entity.npc.Villager/]: Villager Villager['Leatherworker'/117797, l='ServerLevel[world]', x=-727.25, y=99.00, z=26.36] died, message: 'Leatherworker was slain by Zombie Clown'
[27Apr2025 00:15:13.017] [Server thread/INFO] [net.minecraft.server.MinecraftServer/]: lobo3224 has made the advancement [What a Deal!]
[27Apr2025 00:17:57.900] [Server thread/INFO] [net.minecraft.server.MinecraftServer/]: Younguer has made the advancement [Life turned out to be a comedy]
[27Apr2025 00:21:09.146] [Server thread/INFO] [net.minecraft.server.MinecraftServer/]: Younguer has reached the goal [Shake and Mix]
[27Apr2025 00:21:26.256] [Server thread/INFO] [net.minecraft.server.MinecraftServer/]: Younguer fell from a high place
[27Apr2025 00:24:25.403] [Server thread/INFO] [net.minecraft.server.MinecraftServer/]: Santix15 has made the advancement [The Root of Basic Healing]
[27Apr2025 00:32:10.546] [Server thread/INFO] [net.minecraft.server.MinecraftServer/]: Santix15 has made the advancement [Full House]
[27Apr2025 00:33:24.320] [Server thread/INFO] [net.minecraft.server.MinecraftServer/]: lobo3224 fell from a high place
[27Apr2025 00:33:34.167] [Server thread/INFO] [net.minecraft.server.MinecraftServer/]: Younguer was doomed to fall by lobo3224
[27Apr2025 00:36:45.056] [Server thread/INFO] [net.minecraft.server.network.ServerGamePacketListenerImpl/]: Younguer lost connection: Disconnected
[27Apr2025 00:36:45.056] [Server thread/INFO] [net.minecraft.server.MinecraftServer/]: Younguer left the game
[27Apr2025 00:36:45.057] [Server thread/INFO] [voicechat/]: [voicechat] Disconnecting client Younguer
[27Apr2025 00:50:19.420] [Worker-Main-18/WARN] [net.minecraft.world.level.levelgen.structure.pools.JigsawPlacement/]: Empty or non-existent pool: minecraft:ruins/forest_ruins_gate
[27Apr2025 00:50:19.420] [Worker-Main-18/WARN] [net.minecraft.world.level.levelgen.structure.pools.JigsawPlacement/]: Empty or non-existent pool: minecraft:ruins/forest_ruins_gate
[27Apr2025 00:50:19.431] [Worker-Main-18/WARN] [net.minecraft.world.level.levelgen.structure.pools.JigsawPlacement/]: Empty or non-existent pool: minecraft:ruins/forest_ruins_gate
[27Apr2025 00:50:31.698] [Server thread/INFO] [net.minecraft.server.MinecraftServer/]: Santix15 has made the advancement [Junior Summoner]
[27Apr2025 00:53:19.602] [Server thread/ERROR] [net.minecraft.util.thread.BlockableEventLoop/FATAL]: Error executing task on Server
java.lang.NullPointerException: null
	at com.cobblemon.mod.common.api.item.PokemonSelectingItem$DefaultImpls.applyToBattlePokemon(PokemonSelectingItem.java:105) ~[Cobblemon-forge-1.5.1+1.20.1.jar%23225!/:?]
	at com.cobblemon.mod.common.item.berry.HealingBerryItem.applyToBattlePokemon(HealingBerryItem.java:64) ~[Cobblemon-forge-1.5.1+1.20.1.jar%23225!/:?]
	at com.cobblemon.mod.common.api.item.PokemonSelectingItem$interactGeneralBattle$2.invoke(PokemonSelectingItem.java:148) ~[Cobblemon-forge-1.5.1+1.20.1.jar%23225!/:?]
	at com.cobblemon.mod.common.api.item.PokemonSelectingItem$interactGeneralBattle$2.invoke(PokemonSelectingItem.java:144) ~[Cobblemon-forge-1.5.1+1.20.1.jar%23225!/:?]
	at com.cobblemon.mod.common.api.callback.PartySelectCallbacks$createBattleSelect$3.invoke(PartySelectCallbacks.java:74) ~[Cobblemon-forge-1.5.1+1.20.1.jar%23225!/:?]
	at com.cobblemon.mod.common.api.callback.PartySelectCallbacks$createBattleSelect$3.invoke(PartySelectCallbacks.java:69) ~[Cobblemon-forge-1.5.1+1.20.1.jar%23225!/:?]
	at com.cobblemon.mod.common.api.callback.PartySelectCallbacks.handleCallback(PartySelectCallbacks.java:110) ~[Cobblemon-forge-1.5.1+1.20.1.jar%23225!/:?]
	at com.cobblemon.mod.common.net.serverhandling.callback.party.PartyPokemonSelectedHandler.handle(PartyPokemonSelectedHandler.java:19) ~[Cobblemon-forge-1.5.1+1.20.1.jar%23225!/:?]
	at com.cobblemon.mod.common.net.serverhandling.callback.party.PartyPokemonSelectedHandler.handle(PartyPokemonSelectedHandler.java:17) ~[Cobblemon-forge-1.5.1+1.20.1.jar%23225!/:?]
	at com.cobblemon.mod.common.api.net.ServerNetworkPacketHandler$DefaultImpls.handleOnNettyThread$lambda$0(ServerNetworkPacketHandler.java:19) ~[Cobblemon-forge-1.5.1+1.20.1.jar%23225!/:?]
	at net.minecraft.server.TickTask.run(TickTask.java:18) ~[server-1.20.1-20230612.114412-srg.jar%23305!/:?]
	at net.minecraft.util.thread.BlockableEventLoop.m_6367_(BlockableEventLoop.java:156) ~[server-1.20.1-20230612.114412-srg.jar%23305!/:?]
	at net.minecraft.util.thread.ReentrantBlockableEventLoop.m_6367_(ReentrantBlockableEventLoop.java:23) ~[server-1.20.1-20230612.114412-srg.jar%23305!/:?]
	at net.minecraft.server.MinecraftServer.m_6367_(MinecraftServer.java:770) ~[server-1.20.1-20230612.114412-srg.jar%23305!/:?]
	at net.minecraft.server.MinecraftServer.m_6367_(MinecraftServer.java:161) ~[server-1.20.1-20230612.114412-srg.jar%23305!/:?]
	at net.minecraft.util.thread.BlockableEventLoop.m_7245_(BlockableEventLoop.java:130) ~[server-1.20.1-20230612.114412-srg.jar%23305!/:?]
	at net.minecraft.server.MinecraftServer.m_129961_(MinecraftServer.java:753) ~[server-1.20.1-20230612.114412-srg.jar%23305!/:?]
	at net.minecraft.server.MinecraftServer.m_7245_(MinecraftServer.java:747) ~[server-1.20.1-20230612.114412-srg.jar%23305!/:?]
	at net.minecraft.util.thread.BlockableEventLoop.m_18701_(BlockableEventLoop.java:139) ~[server-1.20.1-20230612.114412-srg.jar%23305!/:?]
	at net.minecraft.server.MinecraftServer.m_130012_(MinecraftServer.java:733) ~[server-1.20.1-20230612.114412-srg.jar%23305!/:?]
	at net.minecraft.server.MinecraftServer.m_130011_(MinecraftServer.java:665) ~[server-1.20.1-20230612.114412-srg.jar%23305!/:?]
	at net.minecraft.server.MinecraftServer.m_206580_(MinecraftServer.java:251) ~[server-1.20.1-20230612.114412-srg.jar%23305!/:?]
	at java.lang.Thread.run(Thread.java:840) ~[?:?]
[27Apr2025 00:59:31.770] [Server thread/INFO] [net.minecraft.server.MinecraftServer/]: Santix15 has made the advancement [Local Brewery]
[27Apr2025 00:59:32.397] [Server thread/INFO] [net.minecraft.server.MinecraftServer/]: Santix15 has made the advancement [You Cannot Handle My Potions]
[27Apr2025 01:00:51.450] [Server thread/INFO] [net.minecraft.server.MinecraftServer/]: <Santix15> 7tp lobo3224 santix15
[27Apr2025 01:01:23.450] [Server thread/INFO] [net.minecraft.server.MinecraftServer/]: lobo3224 was slain by Darkwraith
[27Apr2025 01:04:28.694] [Server thread/INFO] [com.yellowbrossproductions.illageandspillage.IllageAndSpillage/]: Removed entity.illageandspillage.boss_randomizer from Raids to prevent a post-mod-removal crash
[27Apr2025 01:04:28.747] [Server thread/INFO] [com.yellowbrossproductions.illageandspillage.IllageAndSpillage/]: Removed entity.illageandspillage.igniter from Raids to prevent a post-mod-removal crash
[27Apr2025 01:04:28.748] [Server thread/INFO] [com.yellowbrossproductions.illageandspillage.IllageAndSpillage/]: Removed entity.illageandspillage.engineer from Raids to prevent a post-mod-removal crash
[27Apr2025 01:04:28.748] [Server thread/INFO] [com.yellowbrossproductions.illageandspillage.IllageAndSpillage/]: Removed entity.illageandspillage.twittollager from Raids to prevent a post-mod-removal crash
[27Apr2025 01:04:28.748] [Server thread/INFO] [com.yellowbrossproductions.illageandspillage.IllageAndSpillage/]: Removed entity.illageandspillage.magispeller from Raids to prevent a post-mod-removal crash
[27Apr2025 01:04:28.748] [Server thread/INFO] [com.yellowbrossproductions.illageandspillage.IllageAndSpillage/]: Removed entity.illageandspillage.spiritcaller from Raids to prevent a post-mod-removal crash
[27Apr2025 01:04:28.748] [Server thread/INFO] [com.yellowbrossproductions.illageandspillage.IllageAndSpillage/]: Removed entity.illageandspillage.crocofang from Raids to prevent a post-mod-removal crash
[27Apr2025 01:04:28.748] [Server thread/INFO] [com.yellowbrossproductions.illageandspillage.IllageAndSpillage/]: Removed entity.illageandspillage.absorber from Raids to prevent a post-mod-removal crash
[27Apr2025 01:04:28.748] [Server thread/INFO] [com.yellowbrossproductions.illageandspillage.IllageAndSpillage/]: Removed entity.illageandspillage.preserver from Raids to prevent a post-mod-removal crash
[27Apr2025 01:04:28.748] [Server thread/INFO] [com.yellowbrossproductions.illageandspillage.IllageAndSpillage/]: Removed entity.illageandspillage.freakager from Raids to prevent a post-mod-removal crash
[27Apr2025 01:04:28.748] [Server thread/INFO] [com.yellowbrossproductions.illageandspillage.IllageAndSpillage/]: Removed entity.illageandspillage.old_freakager from Raids to prevent a post-mod-removal crash
[27Apr2025 01:04:28.748] [Server thread/INFO] [com.yellowbrossproductions.illageandspillage.IllageAndSpillage/]: Removed entity.illageandspillage.old_magispeller from Raids to prevent a post-mod-removal crash
[27Apr2025 01:04:28.818] [Server thread/INFO] [net.minecraft.server.MinecraftServer/]: Stopping server
[27Apr2025 01:04:28.844] [Server thread/INFO] [net.minecraft.server.MinecraftServer/]: Saving players
[27Apr2025 01:04:28.896] [Server thread/INFO] [net.minecraft.server.network.ServerGamePacketListenerImpl/]: Santix15 lost connection: Server closed
[27Apr2025 01:04:28.896] [Server thread/INFO] [net.minecraft.server.MinecraftServer/]: Santix15 left the game
[27Apr2025 01:04:28.897] [Server thread/INFO] [com.cobblemon.mod.common.Cobblemon/]: No battle could be found with the id: 058df6de-a68a-4a92-b8cc-9e7f70acc2b0
[27Apr2025 01:04:28.897] [Server thread/INFO] [com.cobblemon.mod.common.Cobblemon/]: No battle could be found with the id: 058df6de-a68a-4a92-b8cc-9e7f70acc2b0
[27Apr2025 01:04:28.903] [Server thread/INFO] [net.minecraft.server.MinecraftServer/]: Saving worlds
[27Apr2025 01:04:29.361] [Server thread/INFO] [net.minecraft.server.MinecraftServer/]: Saving chunks for level 'ServerLevel[world]'/minecraft:overworld
[27Apr2025 01:04:35.328] [Server thread/INFO] [net.minecraft.server.MinecraftServer/]: Saving chunks for level 'ServerLevel[world]'/graveyard:past
[27Apr2025 01:04:35.329] [Server thread/INFO] [net.minecraft.server.MinecraftServer/]: Saving chunks for level 'ServerLevel[world]'/dimensions:ultradimension
[27Apr2025 01:04:35.333] [Server thread/INFO] [net.minecraft.server.MinecraftServer/]: Saving chunks for level 'ServerLevel[world]'/minecraft:the_end
[27Apr2025 01:04:35.334] [Server thread/INFO] [net.minecraft.server.MinecraftServer/]: Saving chunks for level 'ServerLevel[world]'/minecraft:the_nether
[27Apr2025 01:04:35.462] [Server thread/INFO] [net.minecraft.server.MinecraftServer/]: ThreadedAnvilChunkStorage (world): All chunks are saved
[27Apr2025 01:04:35.462] [Server thread/INFO] [net.minecraft.server.MinecraftServer/]: ThreadedAnvilChunkStorage (past): All chunks are saved
[27Apr2025 01:04:35.462] [Server thread/INFO] [net.minecraft.server.MinecraftServer/]: ThreadedAnvilChunkStorage (ultradimension): All chunks are saved
[27Apr2025 01:04:35.463] [Server thread/INFO] [net.minecraft.server.MinecraftServer/]: ThreadedAnvilChunkStorage (DIM1): All chunks are saved
[27Apr2025 01:04:35.463] [Server thread/INFO] [net.minecraft.server.MinecraftServer/]: ThreadedAnvilChunkStorage (DIM-1): All chunks are saved
[27Apr2025 01:04:35.463] [Server thread/INFO] [net.minecraft.server.MinecraftServer/]: ThreadedAnvilChunkStorage: All dimensions are saved
[27Apr2025 01:04:35.463] [Server thread/INFO] [com.yellowbrossproductions.illageandspillage.IllageAndSpillage/]: Removed entity.illageandspillage.boss_randomizer from Raids to prevent a post-mod-removal crash
[27Apr2025 01:04:35.463] [Server thread/INFO] [com.yellowbrossproductions.illageandspillage.IllageAndSpillage/]: Removed entity.illageandspillage.igniter from Raids to prevent a post-mod-removal crash
[27Apr2025 01:04:35.463] [Server thread/INFO] [com.yellowbrossproductions.illageandspillage.IllageAndSpillage/]: Removed entity.illageandspillage.engineer from Raids to prevent a post-mod-removal crash
[27Apr2025 01:04:35.463] [Server thread/INFO] [com.yellowbrossproductions.illageandspillage.IllageAndSpillage/]: Removed entity.illageandspillage.twittollager from Raids to prevent a post-mod-removal crash
[27Apr2025 01:04:35.464] [Server thread/INFO] [com.yellowbrossproductions.illageandspillage.IllageAndSpillage/]: Removed entity.illageandspillage.magispeller from Raids to prevent a post-mod-removal crash
[27Apr2025 01:04:35.464] [Server thread/INFO] [com.yellowbrossproductions.illageandspillage.IllageAndSpillage/]: Removed entity.illageandspillage.spiritcaller from Raids to prevent a post-mod-removal crash
[27Apr2025 01:04:35.464] [Server thread/INFO] [com.yellowbrossproductions.illageandspillage.IllageAndSpillage/]: Removed entity.illageandspillage.crocofang from Raids to prevent a post-mod-removal crash
[27Apr2025 01:04:35.464] [Server thread/INFO] [com.yellowbrossproductions.illageandspillage.IllageAndSpillage/]: Removed entity.illageandspillage.absorber from Raids to prevent a post-mod-removal crash
[27Apr2025 01:04:35.464] [Server thread/INFO] [com.yellowbrossproductions.illageandspillage.IllageAndSpillage/]: Removed entity.illageandspillage.preserver from Raids to prevent a post-mod-removal crash
[27Apr2025 01:04:35.464] [Server thread/INFO] [com.yellowbrossproductions.illageandspillage.IllageAndSpillage/]: Removed entity.illageandspillage.freakager from Raids to prevent a post-mod-removal crash
[27Apr2025 01:04:35.464] [Server thread/INFO] [com.yellowbrossproductions.illageandspillage.IllageAndSpillage/]: Removed entity.illageandspillage.old_freakager from Raids to prevent a post-mod-removal crash
[27Apr2025 01:04:35.464] [Server thread/INFO] [com.yellowbrossproductions.illageandspillage.IllageAndSpillage/]: Removed entity.illageandspillage.old_magispeller from Raids to prevent a post-mod-removal crash
[27Apr2025 01:04:35.922] [Server thread/INFO] [com.yellowbrossproductions.illageandspillage.IllageAndSpillage/]: Removed entity.illageandspillage.boss_randomizer from Raids to prevent a post-mod-removal crash
[27Apr2025 01:04:35.923] [Server thread/INFO] [com.yellowbrossproductions.illageandspillage.IllageAndSpillage/]: Removed entity.illageandspillage.igniter from Raids to prevent a post-mod-removal crash
[27Apr2025 01:04:35.923] [Server thread/INFO] [com.yellowbrossproductions.illageandspillage.IllageAndSpillage/]: Removed entity.illageandspillage.engineer from Raids to prevent a post-mod-removal crash
[27Apr2025 01:04:35.923] [Server thread/INFO] [com.yellowbrossproductions.illageandspillage.IllageAndSpillage/]: Removed entity.illageandspillage.twittollager from Raids to prevent a post-mod-removal crash
[27Apr2025 01:04:35.923] [Server thread/INFO] [com.yellowbrossproductions.illageandspillage.IllageAndSpillage/]: Removed entity.illageandspillage.magispeller from Raids to prevent a post-mod-removal crash
[27Apr2025 01:04:35.923] [Server thread/INFO] [com.yellowbrossproductions.illageandspillage.IllageAndSpillage/]: Removed entity.illageandspillage.spiritcaller from Raids to prevent a post-mod-removal crash
[27Apr2025 01:04:35.924] [Server thread/INFO] [com.yellowbrossproductions.illageandspillage.IllageAndSpillage/]: Removed entity.illageandspillage.crocofang from Raids to prevent a post-mod-removal crash
[27Apr2025 01:04:35.924] [Server thread/INFO] [com.yellowbrossproductions.illageandspillage.IllageAndSpillage/]: Removed entity.illageandspillage.absorber from Raids to prevent a post-mod-removal crash
[27Apr2025 01:04:35.924] [Server thread/INFO] [com.yellowbrossproductions.illageandspillage.IllageAndSpillage/]: Removed entity.illageandspillage.preserver from Raids to prevent a post-mod-removal crash
[27Apr2025 01:04:35.924] [Server thread/INFO] [com.yellowbrossproductions.illageandspillage.IllageAndSpillage/]: Removed entity.illageandspillage.freakager from Raids to prevent a post-mod-removal crash
[27Apr2025 01:04:35.924] [Server thread/INFO] [com.yellowbrossproductions.illageandspillage.IllageAndSpillage/]: Removed entity.illageandspillage.old_freakager from Raids to prevent a post-mod-removal crash
[27Apr2025 01:04:35.925] [Server thread/INFO] [com.yellowbrossproductions.illageandspillage.IllageAndSpillage/]: Removed entity.illageandspillage.old_magispeller from Raids to prevent a post-mod-removal crash
[27Apr2025 01:04:35.925] [Server thread/INFO] [com.yellowbrossproductions.illageandspillage.IllageAndSpillage/]: Removed entity.illageandspillage.boss_randomizer from Raids to prevent a post-mod-removal crash
[27Apr2025 01:04:35.925] [Server thread/INFO] [com.yellowbrossproductions.illageandspillage.IllageAndSpillage/]: Removed entity.illageandspillage.igniter from Raids to prevent a post-mod-removal crash
[27Apr2025 01:04:35.925] [Server thread/INFO] [com.yellowbrossproductions.illageandspillage.IllageAndSpillage/]: Removed entity.illageandspillage.engineer from Raids to prevent a post-mod-removal crash
[27Apr2025 01:04:35.925] [Server thread/INFO] [com.yellowbrossproductions.illageandspillage.IllageAndSpillage/]: Removed entity.illageandspillage.twittollager from Raids to prevent a post-mod-removal crash
[27Apr2025 01:04:35.926] [Server thread/INFO] [com.yellowbrossproductions.illageandspillage.IllageAndSpillage/]: Removed entity.illageandspillage.magispeller from Raids to prevent a post-mod-removal crash
[27Apr2025 01:04:35.926] [Server thread/INFO] [com.yellowbrossproductions.illageandspillage.IllageAndSpillage/]: Removed entity.illageandspillage.spiritcaller from Raids to prevent a post-mod-removal crash
[27Apr2025 01:04:35.926] [Server thread/INFO] [com.yellowbrossproductions.illageandspillage.IllageAndSpillage/]: Removed entity.illageandspillage.crocofang from Raids to prevent a post-mod-removal crash
[27Apr2025 01:04:35.926] [Server thread/INFO] [com.yellowbrossproductions.illageandspillage.IllageAndSpillage/]: Removed entity.illageandspillage.absorber from Raids to prevent a post-mod-removal crash
[27Apr2025 01:04:35.926] [Server thread/INFO] [com.yellowbrossproductions.illageandspillage.IllageAndSpillage/]: Removed entity.illageandspillage.preserver from Raids to prevent a post-mod-removal crash
[27Apr2025 01:04:35.926] [Server thread/INFO] [com.yellowbrossproductions.illageandspillage.IllageAndSpillage/]: Removed entity.illageandspillage.freakager from Raids to prevent a post-mod-removal crash
[27Apr2025 01:04:35.926] [Server thread/INFO] [com.yellowbrossproductions.illageandspillage.IllageAndSpillage/]: Removed entity.illageandspillage.old_freakager from Raids to prevent a post-mod-removal crash
[27Apr2025 01:04:35.926] [Server thread/INFO] [com.yellowbrossproductions.illageandspillage.IllageAndSpillage/]: Removed entity.illageandspillage.old_magispeller from Raids to prevent a post-mod-removal crash
[27Apr2025 01:04:35.927] [Server thread/INFO] [com.yellowbrossproductions.illageandspillage.IllageAndSpillage/]: Removed entity.illageandspillage.boss_randomizer from Raids to prevent a post-mod-removal crash
[27Apr2025 01:04:35.927] [Server thread/INFO] [com.yellowbrossproductions.illageandspillage.IllageAndSpillage/]: Removed entity.illageandspillage.igniter from Raids to prevent a post-mod-removal crash
[27Apr2025 01:04:35.927] [Server thread/INFO] [com.yellowbrossproductions.illageandspillage.IllageAndSpillage/]: Removed entity.illageandspillage.engineer from Raids to prevent a post-mod-removal crash
[27Apr2025 01:04:35.929] [Server thread/INFO] [com.yellowbrossproductions.illageandspillage.IllageAndSpillage/]: Removed entity.illageandspillage.twittollager from Raids to prevent a post-mod-removal crash
[27Apr2025 01:04:35.929] [Server thread/INFO] [com.yellowbrossproductions.illageandspillage.IllageAndSpillage/]: Removed entity.illageandspillage.magispeller from Raids to prevent a post-mod-removal crash
[27Apr2025 01:04:35.929] [Server thread/INFO] [com.yellowbrossproductions.illageandspillage.IllageAndSpillage/]: Removed entity.illageandspillage.spiritcaller from Raids to prevent a post-mod-removal crash
[27Apr2025 01:04:35.929] [Server thread/INFO] [com.yellowbrossproductions.illageandspillage.IllageAndSpillage/]: Removed entity.illageandspillage.crocofang from Raids to prevent a post-mod-removal crash
[27Apr2025 01:04:35.929] [Server thread/INFO] [com.yellowbrossproductions.illageandspillage.IllageAndSpillage/]: Removed entity.illageandspillage.absorber from Raids to prevent a post-mod-removal crash
[27Apr2025 01:04:35.930] [Server thread/INFO] [com.yellowbrossproductions.illageandspillage.IllageAndSpillage/]: Removed entity.illageandspillage.preserver from Raids to prevent a post-mod-removal crash
[27Apr2025 01:04:35.932] [Server thread/INFO] [com.yellowbrossproductions.illageandspillage.IllageAndSpillage/]: Removed entity.illageandspillage.freakager from Raids to prevent a post-mod-removal crash
[27Apr2025 01:04:35.932] [Server thread/INFO] [com.yellowbrossproductions.illageandspillage.IllageAndSpillage/]: Removed entity.illageandspillage.old_freakager from Raids to prevent a post-mod-removal crash
[27Apr2025 01:04:35.932] [Server thread/INFO] [com.yellowbrossproductions.illageandspillage.IllageAndSpillage/]: Removed entity.illageandspillage.old_magispeller from Raids to prevent a post-mod-removal crash
[27Apr2025 01:04:35.933] [Server thread/INFO] [com.yellowbrossproductions.illageandspillage.IllageAndSpillage/]: Removed entity.illageandspillage.boss_randomizer from Raids to prevent a post-mod-removal crash
[27Apr2025 01:04:35.933] [Server thread/INFO] [com.yellowbrossproductions.illageandspillage.IllageAndSpillage/]: Removed entity.illageandspillage.igniter from Raids to prevent a post-mod-removal crash
[27Apr2025 01:04:35.933] [Server thread/INFO] [com.yellowbrossproductions.illageandspillage.IllageAndSpillage/]: Removed entity.illageandspillage.engineer from Raids to prevent a post-mod-removal crash
[27Apr2025 01:04:35.933] [Server thread/INFO] [com.yellowbrossproductions.illageandspillage.IllageAndSpillage/]: Removed entity.illageandspillage.twittollager from Raids to prevent a post-mod-removal crash
[27Apr2025 01:04:35.933] [Server thread/INFO] [com.yellowbrossproductions.illageandspillage.IllageAndSpillage/]: Removed entity.illageandspillage.magispeller from Raids to prevent a post-mod-removal crash
[27Apr2025 01:04:35.934] [Server thread/INFO] [com.yellowbrossproductions.illageandspillage.IllageAndSpillage/]: Removed entity.illageandspillage.spiritcaller from Raids to prevent a post-mod-removal crash
[27Apr2025 01:04:35.934] [Server thread/INFO] [com.yellowbrossproductions.illageandspillage.IllageAndSpillage/]: Removed entity.illageandspillage.crocofang from Raids to prevent a post-mod-removal crash
[27Apr2025 01:04:35.934] [Server thread/INFO] [com.yellowbrossproductions.illageandspillage.IllageAndSpillage/]: Removed entity.illageandspillage.absorber from Raids to prevent a post-mod-removal crash
[27Apr2025 01:04:35.935] [Server thread/INFO] [com.yellowbrossproductions.illageandspillage.IllageAndSpillage/]: Removed entity.illageandspillage.preserver from Raids to prevent a post-mod-removal crash
[27Apr2025 01:04:35.935] [Server thread/INFO] [com.yellowbrossproductions.illageandspillage.IllageAndSpillage/]: Removed entity.illageandspillage.freakager from Raids to prevent a post-mod-removal crash
[27Apr2025 01:04:35.936] [Server thread/INFO] [com.yellowbrossproductions.illageandspillage.IllageAndSpillage/]: Removed entity.illageandspillage.old_freakager from Raids to prevent a post-mod-removal crash
[27Apr2025 01:04:35.936] [Server thread/INFO] [com.yellowbrossproductions.illageandspillage.IllageAndSpillage/]: Removed entity.illageandspillage.old_magispeller from Raids to prevent a post-mod-removal crash
[27Apr2025 01:04:35.940] [Server thread/INFO] [Framework/]: Unloading server configs...
[27Apr2025 01:04:35.941] [Server thread/INFO] [Framework/]: Sending config unload event for refurbished_furniture.server.toml
[27Apr2025 01:04:35.949] [Server thread/INFO] [Framework/]: Finished unloading server configs
